<?xml version="1.0" encoding="UTF-8"?>
<!-- Generated by org.testng.reporters.JUnitReportReporter -->
<testsuite hostname="Hrigved" failures="0" tests="1" name="testCases.TestCases" time="43.297" errors="0" timestamp="2024-11-17T00:46:32 IST" skipped="0">
  <testcase classname="testCases.TestCases" name="registerUser" time="43.297"/>
</testsuite> <!-- testCases.TestCases -->
