<?xml version="1.0" encoding="UTF-8"?>
<!-- Generated by org.testng.reporters.JUnitReportReporter -->
<testsuite hostname="Hrigved" failures="0" tests="1" name="testCases.TestCases1" time="63.733" errors="0" timestamp="2025-01-28T22:13:24 IST" skipped="0">
  <testcase classname="testCases.TestCases1" name="registerUser" time="63.733"/>
</testsuite> <!-- testCases.TestCases1 -->
